Determining if the function socket exists in the socket failed with the following output:
Change Dir: /home/core/CLionProjects/module/cmake-build-debug/CMakeFiles/CMakeTmp

Run Build Command(s):/usr/bin/make cmTC_180d8/fast 
/usr/bin/make -f CMakeFiles/cmTC_180d8.dir/build.make CMakeFiles/cmTC_180d8.dir/build
make[1]: Entering directory '/home/core/CLionProjects/module/cmake-build-debug/CMakeFiles/CMakeTmp'
Building C object CMakeFiles/cmTC_180d8.dir/CheckFunctionExists.c.o
/usr/bin/cc   -DCHECK_FUNCTION_EXISTS=socket   -std=gnu99 -o CMakeFiles/cmTC_180d8.dir/CheckFunctionExists.c.o   -c /home/core/.local/share/JetBrains/Toolbox/apps/CLion/ch-0/191.6707.69/bin/cmake/linux/share/cmake-3.14/Modules/CheckFunctionExists.c
Linking C executable cmTC_180d8
/home/core/.local/share/JetBrains/Toolbox/apps/CLion/ch-0/191.6707.69/bin/cmake/linux/bin/cmake -E cmake_link_script CMakeFiles/cmTC_180d8.dir/link.txt --verbose=1
/usr/bin/cc  -DCHECK_FUNCTION_EXISTS=socket    CMakeFiles/cmTC_180d8.dir/CheckFunctionExists.c.o  -o cmTC_180d8 -lsocket 
/usr/bin/ld: cannot find -lsocket
collect2: error: ld returned 1 exit status
CMakeFiles/cmTC_180d8.dir/build.make:86: recipe for target 'cmTC_180d8' failed
make[1]: *** [cmTC_180d8] Error 1
make[1]: Leaving directory '/home/core/CLionProjects/module/cmake-build-debug/CMakeFiles/CMakeTmp'
Makefile:121: recipe for target 'cmTC_180d8/fast' failed
make: *** [cmTC_180d8/fast] Error 2


Determining if the function __inet_aton exists in the bind failed with the following output:
Change Dir: /home/core/CLionProjects/module/cmake-build-debug/CMakeFiles/CMakeTmp

Run Build Command(s):/usr/bin/make cmTC_82245/fast 
/usr/bin/make -f CMakeFiles/cmTC_82245.dir/build.make CMakeFiles/cmTC_82245.dir/build
make[1]: Entering directory '/home/core/CLionProjects/module/cmake-build-debug/CMakeFiles/CMakeTmp'
Building C object CMakeFiles/cmTC_82245.dir/CheckFunctionExists.c.o
/usr/bin/cc   -DCHECK_FUNCTION_EXISTS=__inet_aton   -std=gnu99 -o CMakeFiles/cmTC_82245.dir/CheckFunctionExists.c.o   -c /home/core/.local/share/JetBrains/Toolbox/apps/CLion/ch-0/191.6707.69/bin/cmake/linux/share/cmake-3.14/Modules/CheckFunctionExists.c
Linking C executable cmTC_82245
/home/core/.local/share/JetBrains/Toolbox/apps/CLion/ch-0/191.6707.69/bin/cmake/linux/bin/cmake -E cmake_link_script CMakeFiles/cmTC_82245.dir/link.txt --verbose=1
/usr/bin/cc  -DCHECK_FUNCTION_EXISTS=__inet_aton    CMakeFiles/cmTC_82245.dir/CheckFunctionExists.c.o  -o cmTC_82245 -lbind 
/usr/bin/ld: cannot find -lbind
collect2: error: ld returned 1 exit status
CMakeFiles/cmTC_82245.dir/build.make:86: recipe for target 'cmTC_82245' failed
make[1]: *** [cmTC_82245] Error 1
make[1]: Leaving directory '/home/core/CLionProjects/module/cmake-build-debug/CMakeFiles/CMakeTmp'
Makefile:121: recipe for target 'cmTC_82245/fast' failed
make: *** [cmTC_82245/fast] Error 2


Determining if files sys/types.h;sys/event.h exist failed with the following output:
Change Dir: /home/core/CLionProjects/module/cmake-build-debug/CMakeFiles/CMakeTmp

Run Build Command(s):/usr/bin/make cmTC_4d78f/fast 
/usr/bin/make -f CMakeFiles/cmTC_4d78f.dir/build.make CMakeFiles/cmTC_4d78f.dir/build
make[1]: Entering directory '/home/core/CLionProjects/module/cmake-build-debug/CMakeFiles/CMakeTmp'
Building C object CMakeFiles/cmTC_4d78f.dir/HAVE_SYS_EVENT_H.c.o
/usr/bin/cc   -std=gnu99 -o CMakeFiles/cmTC_4d78f.dir/HAVE_SYS_EVENT_H.c.o   -c /home/core/CLionProjects/module/cmake-build-debug/CMakeFiles/CheckIncludeFiles/HAVE_SYS_EVENT_H.c
/home/core/CLionProjects/module/cmake-build-debug/CMakeFiles/CheckIncludeFiles/HAVE_SYS_EVENT_H.c:3:10: fatal error: sys/event.h: No such file or directory
 #include <sys/event.h>
          ^~~~~~~~~~~~~
compilation terminated.
CMakeFiles/cmTC_4d78f.dir/build.make:65: recipe for target 'CMakeFiles/cmTC_4d78f.dir/HAVE_SYS_EVENT_H.c.o' failed
make[1]: *** [CMakeFiles/cmTC_4d78f.dir/HAVE_SYS_EVENT_H.c.o] Error 1
make[1]: Leaving directory '/home/core/CLionProjects/module/cmake-build-debug/CMakeFiles/CMakeTmp'
Makefile:121: recipe for target 'cmTC_4d78f/fast' failed
make: *** [cmTC_4d78f/fast] Error 2

Source:
/* */
#include <sys/types.h>
#include <sys/event.h>


int main(void){return 0;}

Determining if the include file windows.h exists failed with the following output:
Change Dir: /home/core/CLionProjects/module/cmake-build-debug/CMakeFiles/CMakeTmp

Run Build Command(s):/usr/bin/make cmTC_9329a/fast 
/usr/bin/make -f CMakeFiles/cmTC_9329a.dir/build.make CMakeFiles/cmTC_9329a.dir/build
make[1]: Entering directory '/home/core/CLionProjects/module/cmake-build-debug/CMakeFiles/CMakeTmp'
Building CXX object CMakeFiles/cmTC_9329a.dir/CheckIncludeFile.cxx.o
/usr/bin/c++     -o CMakeFiles/cmTC_9329a.dir/CheckIncludeFile.cxx.o -c /home/core/CLionProjects/module/cmake-build-debug/CMakeFiles/CMakeTmp/CheckIncludeFile.cxx
/home/core/CLionProjects/module/cmake-build-debug/CMakeFiles/CMakeTmp/CheckIncludeFile.cxx:1:10: fatal error: windows.h: No such file or directory
 #include <windows.h>
          ^~~~~~~~~~~
compilation terminated.
CMakeFiles/cmTC_9329a.dir/build.make:65: recipe for target 'CMakeFiles/cmTC_9329a.dir/CheckIncludeFile.cxx.o' failed
make[1]: *** [CMakeFiles/cmTC_9329a.dir/CheckIncludeFile.cxx.o] Error 1
make[1]: Leaving directory '/home/core/CLionProjects/module/cmake-build-debug/CMakeFiles/CMakeTmp'
Makefile:121: recipe for target 'cmTC_9329a/fast' failed
make: *** [cmTC_9329a/fast] Error 2


Determining if the include file winsock2.h exists failed with the following output:
Change Dir: /home/core/CLionProjects/module/cmake-build-debug/CMakeFiles/CMakeTmp

Run Build Command(s):/usr/bin/make cmTC_d31d4/fast 
/usr/bin/make -f CMakeFiles/cmTC_d31d4.dir/build.make CMakeFiles/cmTC_d31d4.dir/build
make[1]: Entering directory '/home/core/CLionProjects/module/cmake-build-debug/CMakeFiles/CMakeTmp'
Building CXX object CMakeFiles/cmTC_d31d4.dir/CheckIncludeFile.cxx.o
/usr/bin/c++     -o CMakeFiles/cmTC_d31d4.dir/CheckIncludeFile.cxx.o -c /home/core/CLionProjects/module/cmake-build-debug/CMakeFiles/CMakeTmp/CheckIncludeFile.cxx
/home/core/CLionProjects/module/cmake-build-debug/CMakeFiles/CMakeTmp/CheckIncludeFile.cxx:1:10: fatal error: winsock2.h: No such file or directory
 #include <winsock2.h>
          ^~~~~~~~~~~~
compilation terminated.
CMakeFiles/cmTC_d31d4.dir/build.make:65: recipe for target 'CMakeFiles/cmTC_d31d4.dir/CheckIncludeFile.cxx.o' failed
make[1]: *** [CMakeFiles/cmTC_d31d4.dir/CheckIncludeFile.cxx.o] Error 1
make[1]: Leaving directory '/home/core/CLionProjects/module/cmake-build-debug/CMakeFiles/CMakeTmp'
Makefile:121: recipe for target 'cmTC_d31d4/fast' failed
make: *** [cmTC_d31d4/fast] Error 2


Determining if the include file ws2tcpip.h exists failed with the following output:
Change Dir: /home/core/CLionProjects/module/cmake-build-debug/CMakeFiles/CMakeTmp

Run Build Command(s):/usr/bin/make cmTC_96b1c/fast 
/usr/bin/make -f CMakeFiles/cmTC_96b1c.dir/build.make CMakeFiles/cmTC_96b1c.dir/build
make[1]: Entering directory '/home/core/CLionProjects/module/cmake-build-debug/CMakeFiles/CMakeTmp'
Building CXX object CMakeFiles/cmTC_96b1c.dir/CheckIncludeFile.cxx.o
/usr/bin/c++     -o CMakeFiles/cmTC_96b1c.dir/CheckIncludeFile.cxx.o -c /home/core/CLionProjects/module/cmake-build-debug/CMakeFiles/CMakeTmp/CheckIncludeFile.cxx
/home/core/CLionProjects/module/cmake-build-debug/CMakeFiles/CMakeTmp/CheckIncludeFile.cxx:1:10: fatal error: ws2tcpip.h: No such file or directory
 #include <ws2tcpip.h>
          ^~~~~~~~~~~~
compilation terminated.
CMakeFiles/cmTC_96b1c.dir/build.make:65: recipe for target 'CMakeFiles/cmTC_96b1c.dir/CheckIncludeFile.cxx.o' failed
make[1]: *** [CMakeFiles/cmTC_96b1c.dir/CheckIncludeFile.cxx.o] Error 1
make[1]: Leaving directory '/home/core/CLionProjects/module/cmake-build-debug/CMakeFiles/CMakeTmp'
Makefile:121: recipe for target 'cmTC_96b1c/fast' failed
make: *** [cmTC_96b1c/fast] Error 2


Determining if the include file process.h exists failed with the following output:
Change Dir: /home/core/CLionProjects/module/cmake-build-debug/CMakeFiles/CMakeTmp

Run Build Command(s):/usr/bin/make cmTC_b3d51/fast 
/usr/bin/make -f CMakeFiles/cmTC_b3d51.dir/build.make CMakeFiles/cmTC_b3d51.dir/build
make[1]: Entering directory '/home/core/CLionProjects/module/cmake-build-debug/CMakeFiles/CMakeTmp'
Building CXX object CMakeFiles/cmTC_b3d51.dir/CheckIncludeFile.cxx.o
/usr/bin/c++     -o CMakeFiles/cmTC_b3d51.dir/CheckIncludeFile.cxx.o -c /home/core/CLionProjects/module/cmake-build-debug/CMakeFiles/CMakeTmp/CheckIncludeFile.cxx
/home/core/CLionProjects/module/cmake-build-debug/CMakeFiles/CMakeTmp/CheckIncludeFile.cxx:1:10: fatal error: process.h: No such file or directory
 #include <process.h>
          ^~~~~~~~~~~
compilation terminated.
CMakeFiles/cmTC_b3d51.dir/build.make:65: recipe for target 'CMakeFiles/cmTC_b3d51.dir/CheckIncludeFile.cxx.o' failed
make[1]: *** [CMakeFiles/cmTC_b3d51.dir/CheckIncludeFile.cxx.o] Error 1
make[1]: Leaving directory '/home/core/CLionProjects/module/cmake-build-debug/CMakeFiles/CMakeTmp'
Makefile:121: recipe for target 'cmTC_b3d51/fast' failed
make: *** [cmTC_b3d51/fast] Error 2


Determining if the include file dir.h exists failed with the following output:
Change Dir: /home/core/CLionProjects/module/cmake-build-debug/CMakeFiles/CMakeTmp

Run Build Command(s):/usr/bin/make cmTC_b66c2/fast 
/usr/bin/make -f CMakeFiles/cmTC_b66c2.dir/build.make CMakeFiles/cmTC_b66c2.dir/build
make[1]: Entering directory '/home/core/CLionProjects/module/cmake-build-debug/CMakeFiles/CMakeTmp'
Building CXX object CMakeFiles/cmTC_b66c2.dir/CheckIncludeFile.cxx.o
/usr/bin/c++     -o CMakeFiles/cmTC_b66c2.dir/CheckIncludeFile.cxx.o -c /home/core/CLionProjects/module/cmake-build-debug/CMakeFiles/CMakeTmp/CheckIncludeFile.cxx
/home/core/CLionProjects/module/cmake-build-debug/CMakeFiles/CMakeTmp/CheckIncludeFile.cxx:1:10: fatal error: dir.h: No such file or directory
 #include <dir.h>
          ^~~~~~~
compilation terminated.
CMakeFiles/cmTC_b66c2.dir/build.make:65: recipe for target 'CMakeFiles/cmTC_b66c2.dir/CheckIncludeFile.cxx.o' failed
make[1]: *** [CMakeFiles/cmTC_b66c2.dir/CheckIncludeFile.cxx.o] Error 1
make[1]: Leaving directory '/home/core/CLionProjects/module/cmake-build-debug/CMakeFiles/CMakeTmp'
Makefile:121: recipe for target 'cmTC_b66c2/fast' failed
make: *** [cmTC_b66c2/fast] Error 2


Determining if the include file direct.h exists failed with the following output:
Change Dir: /home/core/CLionProjects/module/cmake-build-debug/CMakeFiles/CMakeTmp

Run Build Command(s):/usr/bin/make cmTC_14cc8/fast 
/usr/bin/make -f CMakeFiles/cmTC_14cc8.dir/build.make CMakeFiles/cmTC_14cc8.dir/build
make[1]: Entering directory '/home/core/CLionProjects/module/cmake-build-debug/CMakeFiles/CMakeTmp'
Building CXX object CMakeFiles/cmTC_14cc8.dir/CheckIncludeFile.cxx.o
/usr/bin/c++     -o CMakeFiles/cmTC_14cc8.dir/CheckIncludeFile.cxx.o -c /home/core/CLionProjects/module/cmake-build-debug/CMakeFiles/CMakeTmp/CheckIncludeFile.cxx
/home/core/CLionProjects/module/cmake-build-debug/CMakeFiles/CMakeTmp/CheckIncludeFile.cxx:1:10: fatal error: direct.h: No such file or directory
 #include <direct.h>
          ^~~~~~~~~~
compilation terminated.
CMakeFiles/cmTC_14cc8.dir/build.make:65: recipe for target 'CMakeFiles/cmTC_14cc8.dir/CheckIncludeFile.cxx.o' failed
make[1]: *** [CMakeFiles/cmTC_14cc8.dir/CheckIncludeFile.cxx.o] Error 1
make[1]: Leaving directory '/home/core/CLionProjects/module/cmake-build-debug/CMakeFiles/CMakeTmp'
Makefile:121: recipe for target 'cmTC_14cc8/fast' failed
make: *** [cmTC_14cc8/fast] Error 2


Determining if the include file ndir.h exists failed with the following output:
Change Dir: /home/core/CLionProjects/module/cmake-build-debug/CMakeFiles/CMakeTmp

Run Build Command(s):/usr/bin/make cmTC_f0407/fast 
/usr/bin/make -f CMakeFiles/cmTC_f0407.dir/build.make CMakeFiles/cmTC_f0407.dir/build
make[1]: Entering directory '/home/core/CLionProjects/module/cmake-build-debug/CMakeFiles/CMakeTmp'
Building CXX object CMakeFiles/cmTC_f0407.dir/CheckIncludeFile.cxx.o
/usr/bin/c++     -o CMakeFiles/cmTC_f0407.dir/CheckIncludeFile.cxx.o -c /home/core/CLionProjects/module/cmake-build-debug/CMakeFiles/CMakeTmp/CheckIncludeFile.cxx
/home/core/CLionProjects/module/cmake-build-debug/CMakeFiles/CMakeTmp/CheckIncludeFile.cxx:1:10: fatal error: ndir.h: No such file or directory
 #include <ndir.h>
          ^~~~~~~~
compilation terminated.
CMakeFiles/cmTC_f0407.dir/build.make:65: recipe for target 'CMakeFiles/cmTC_f0407.dir/CheckIncludeFile.cxx.o' failed
make[1]: *** [CMakeFiles/cmTC_f0407.dir/CheckIncludeFile.cxx.o] Error 1
make[1]: Leaving directory '/home/core/CLionProjects/module/cmake-build-debug/CMakeFiles/CMakeTmp'
Makefile:121: recipe for target 'cmTC_f0407/fast' failed
make: *** [cmTC_f0407/fast] Error 2


Determining if the include file sys/ndir.h exists failed with the following output:
Change Dir: /home/core/CLionProjects/module/cmake-build-debug/CMakeFiles/CMakeTmp

Run Build Command(s):/usr/bin/make cmTC_cb753/fast 
/usr/bin/make -f CMakeFiles/cmTC_cb753.dir/build.make CMakeFiles/cmTC_cb753.dir/build
make[1]: Entering directory '/home/core/CLionProjects/module/cmake-build-debug/CMakeFiles/CMakeTmp'
Building CXX object CMakeFiles/cmTC_cb753.dir/CheckIncludeFile.cxx.o
/usr/bin/c++     -o CMakeFiles/cmTC_cb753.dir/CheckIncludeFile.cxx.o -c /home/core/CLionProjects/module/cmake-build-debug/CMakeFiles/CMakeTmp/CheckIncludeFile.cxx
/home/core/CLionProjects/module/cmake-build-debug/CMakeFiles/CMakeTmp/CheckIncludeFile.cxx:1:10: fatal error: sys/ndir.h: No such file or directory
 #include <sys/ndir.h>
          ^~~~~~~~~~~~
compilation terminated.
CMakeFiles/cmTC_cb753.dir/build.make:65: recipe for target 'CMakeFiles/cmTC_cb753.dir/CheckIncludeFile.cxx.o' failed
make[1]: *** [CMakeFiles/cmTC_cb753.dir/CheckIncludeFile.cxx.o] Error 1
make[1]: Leaving directory '/home/core/CLionProjects/module/cmake-build-debug/CMakeFiles/CMakeTmp'
Makefile:121: recipe for target 'cmTC_cb753/fast' failed
make: *** [cmTC_cb753/fast] Error 2


Determining if the function kqueue exists failed with the following output:
Change Dir: /home/core/CLionProjects/module/cmake-build-debug/CMakeFiles/CMakeTmp

Run Build Command(s):/usr/bin/make cmTC_0f924/fast 
/usr/bin/make -f CMakeFiles/cmTC_0f924.dir/build.make CMakeFiles/cmTC_0f924.dir/build
make[1]: Entering directory '/home/core/CLionProjects/module/cmake-build-debug/CMakeFiles/CMakeTmp'
Building C object CMakeFiles/cmTC_0f924.dir/CheckFunctionExists.c.o
/usr/bin/cc   -DCHECK_FUNCTION_EXISTS=kqueue   -std=gnu99 -o CMakeFiles/cmTC_0f924.dir/CheckFunctionExists.c.o   -c /home/core/.local/share/JetBrains/Toolbox/apps/CLion/ch-0/191.6707.69/bin/cmake/linux/share/cmake-3.14/Modules/CheckFunctionExists.c
Linking C executable cmTC_0f924
/home/core/.local/share/JetBrains/Toolbox/apps/CLion/ch-0/191.6707.69/bin/cmake/linux/bin/cmake -E cmake_link_script CMakeFiles/cmTC_0f924.dir/link.txt --verbose=1
/usr/bin/cc  -DCHECK_FUNCTION_EXISTS=kqueue    CMakeFiles/cmTC_0f924.dir/CheckFunctionExists.c.o  -o cmTC_0f924 -lnsl -lresolv 
CMakeFiles/cmTC_0f924.dir/CheckFunctionExists.c.o: In function `main':
CheckFunctionExists.c:(.text+0x10): undefined reference to `kqueue'
collect2: error: ld returned 1 exit status
CMakeFiles/cmTC_0f924.dir/build.make:86: recipe for target 'cmTC_0f924' failed
make[1]: *** [cmTC_0f924] Error 1
make[1]: Leaving directory '/home/core/CLionProjects/module/cmake-build-debug/CMakeFiles/CMakeTmp'
Makefile:121: recipe for target 'cmTC_0f924/fast' failed
make: *** [cmTC_0f924/fast] Error 2


Determining if the function _mkdir exists failed with the following output:
Change Dir: /home/core/CLionProjects/module/cmake-build-debug/CMakeFiles/CMakeTmp

Run Build Command(s):/usr/bin/make cmTC_8b74b/fast 
/usr/bin/make -f CMakeFiles/cmTC_8b74b.dir/build.make CMakeFiles/cmTC_8b74b.dir/build
make[1]: Entering directory '/home/core/CLionProjects/module/cmake-build-debug/CMakeFiles/CMakeTmp'
Building C object CMakeFiles/cmTC_8b74b.dir/CheckFunctionExists.c.o
/usr/bin/cc   -DCHECK_FUNCTION_EXISTS=_mkdir   -std=gnu99 -o CMakeFiles/cmTC_8b74b.dir/CheckFunctionExists.c.o   -c /home/core/.local/share/JetBrains/Toolbox/apps/CLion/ch-0/191.6707.69/bin/cmake/linux/share/cmake-3.14/Modules/CheckFunctionExists.c
Linking C executable cmTC_8b74b
/home/core/.local/share/JetBrains/Toolbox/apps/CLion/ch-0/191.6707.69/bin/cmake/linux/bin/cmake -E cmake_link_script CMakeFiles/cmTC_8b74b.dir/link.txt --verbose=1
/usr/bin/cc  -DCHECK_FUNCTION_EXISTS=_mkdir    CMakeFiles/cmTC_8b74b.dir/CheckFunctionExists.c.o  -o cmTC_8b74b -lnsl -lresolv 
CMakeFiles/cmTC_8b74b.dir/CheckFunctionExists.c.o: In function `main':
CheckFunctionExists.c:(.text+0x10): undefined reference to `_mkdir'
collect2: error: ld returned 1 exit status
CMakeFiles/cmTC_8b74b.dir/build.make:86: recipe for target 'cmTC_8b74b' failed
make[1]: *** [cmTC_8b74b] Error 1
make[1]: Leaving directory '/home/core/CLionProjects/module/cmake-build-debug/CMakeFiles/CMakeTmp'
Makefile:121: recipe for target 'cmTC_8b74b/fast' failed
make: *** [cmTC_8b74b/fast] Error 2


Determining if the function stricmp exists failed with the following output:
Change Dir: /home/core/CLionProjects/module/cmake-build-debug/CMakeFiles/CMakeTmp

Run Build Command(s):/usr/bin/make cmTC_ee0bb/fast 
/usr/bin/make -f CMakeFiles/cmTC_ee0bb.dir/build.make CMakeFiles/cmTC_ee0bb.dir/build
make[1]: Entering directory '/home/core/CLionProjects/module/cmake-build-debug/CMakeFiles/CMakeTmp'
Building C object CMakeFiles/cmTC_ee0bb.dir/CheckFunctionExists.c.o
/usr/bin/cc   -DCHECK_FUNCTION_EXISTS=stricmp   -std=gnu99 -o CMakeFiles/cmTC_ee0bb.dir/CheckFunctionExists.c.o   -c /home/core/.local/share/JetBrains/Toolbox/apps/CLion/ch-0/191.6707.69/bin/cmake/linux/share/cmake-3.14/Modules/CheckFunctionExists.c
Linking C executable cmTC_ee0bb
/home/core/.local/share/JetBrains/Toolbox/apps/CLion/ch-0/191.6707.69/bin/cmake/linux/bin/cmake -E cmake_link_script CMakeFiles/cmTC_ee0bb.dir/link.txt --verbose=1
/usr/bin/cc  -DCHECK_FUNCTION_EXISTS=stricmp    CMakeFiles/cmTC_ee0bb.dir/CheckFunctionExists.c.o  -o cmTC_ee0bb -lnsl -lresolv 
CMakeFiles/cmTC_ee0bb.dir/CheckFunctionExists.c.o: In function `main':
CheckFunctionExists.c:(.text+0x10): undefined reference to `stricmp'
collect2: error: ld returned 1 exit status
CMakeFiles/cmTC_ee0bb.dir/build.make:86: recipe for target 'cmTC_ee0bb' failed
make[1]: *** [cmTC_ee0bb] Error 1
make[1]: Leaving directory '/home/core/CLionProjects/module/cmake-build-debug/CMakeFiles/CMakeTmp'
Makefile:121: recipe for target 'cmTC_ee0bb/fast' failed
make: *** [cmTC_ee0bb/fast] Error 2


Determining if the function strnicmp exists failed with the following output:
Change Dir: /home/core/CLionProjects/module/cmake-build-debug/CMakeFiles/CMakeTmp

Run Build Command(s):/usr/bin/make cmTC_ccf4f/fast 
/usr/bin/make -f CMakeFiles/cmTC_ccf4f.dir/build.make CMakeFiles/cmTC_ccf4f.dir/build
make[1]: Entering directory '/home/core/CLionProjects/module/cmake-build-debug/CMakeFiles/CMakeTmp'
Building C object CMakeFiles/cmTC_ccf4f.dir/CheckFunctionExists.c.o
/usr/bin/cc   -DCHECK_FUNCTION_EXISTS=strnicmp   -std=gnu99 -o CMakeFiles/cmTC_ccf4f.dir/CheckFunctionExists.c.o   -c /home/core/.local/share/JetBrains/Toolbox/apps/CLion/ch-0/191.6707.69/bin/cmake/linux/share/cmake-3.14/Modules/CheckFunctionExists.c
Linking C executable cmTC_ccf4f
/home/core/.local/share/JetBrains/Toolbox/apps/CLion/ch-0/191.6707.69/bin/cmake/linux/bin/cmake -E cmake_link_script CMakeFiles/cmTC_ccf4f.dir/link.txt --verbose=1
/usr/bin/cc  -DCHECK_FUNCTION_EXISTS=strnicmp    CMakeFiles/cmTC_ccf4f.dir/CheckFunctionExists.c.o  -o cmTC_ccf4f -lnsl -lresolv 
CMakeFiles/cmTC_ccf4f.dir/CheckFunctionExists.c.o: In function `main':
CheckFunctionExists.c:(.text+0x10): undefined reference to `strnicmp'
collect2: error: ld returned 1 exit status
CMakeFiles/cmTC_ccf4f.dir/build.make:86: recipe for target 'cmTC_ccf4f' failed
make[1]: *** [cmTC_ccf4f] Error 1
make[1]: Leaving directory '/home/core/CLionProjects/module/cmake-build-debug/CMakeFiles/CMakeTmp'
Makefile:121: recipe for target 'cmTC_ccf4f/fast' failed
make: *** [cmTC_ccf4f/fast] Error 2


Determining if files  exist failed with the following output:
Change Dir: /home/core/CLionProjects/module/cmake-build-debug/CMakeFiles/CMakeTmp

Run Build Command(s):/usr/bin/make cmTC_d5562/fast 
make[1]: Entering directory '/home/core/CLionProjects/module/cmake-build-debug/CMakeFiles/CMakeTmp'
/usr/bin/make -f CMakeFiles/cmTC_d5562.dir/build.make CMakeFiles/cmTC_d5562.dir/build
make[2]: Entering directory '/home/core/CLionProjects/module/cmake-build-debug/CMakeFiles/CMakeTmp'
Building CXX object CMakeFiles/cmTC_d5562.dir/CheckMkdirArgs.cxx.o
/usr/bin/c++     -o CMakeFiles/cmTC_d5562.dir/CheckMkdirArgs.cxx.o -c /home/core/CLionProjects/module/cmake-build-debug/CMakeFiles/CMakeTmp/CheckMkdirArgs.cxx
/home/core/CLionProjects/module/cmake-build-debug/CMakeFiles/CMakeTmp/CheckMkdirArgs.cxx:3:9: fatal error: direct.h: No such file or directory
 #include<direct.h>
         ^~~~~~~~~~
compilation terminated.
CMakeFiles/cmTC_d5562.dir/build.make:65: recipe for target 'CMakeFiles/cmTC_d5562.dir/CheckMkdirArgs.cxx.o' failed
make[2]: *** [CMakeFiles/cmTC_d5562.dir/CheckMkdirArgs.cxx.o] Error 1
make[2]: Leaving directory '/home/core/CLionProjects/module/cmake-build-debug/CMakeFiles/CMakeTmp'
Makefile:121: recipe for target 'cmTC_d5562/fast' failed
make[1]: *** [cmTC_d5562/fast] Error 2
make[1]: Leaving directory '/home/core/CLionProjects/module/cmake-build-debug/CMakeFiles/CMakeTmp'

Source:
/* */

#include<direct.h>
int main(){mkdir("");}

Determining if files  exist failed with the following output:
Change Dir: /home/core/CLionProjects/module/cmake-build-debug/CMakeFiles/CMakeTmp

Run Build Command(s):/usr/bin/make cmTC_367c6/fast 
/usr/bin/make -f CMakeFiles/cmTC_367c6.dir/build.make CMakeFiles/cmTC_367c6.dir/build
make[1]: Entering directory '/home/core/CLionProjects/module/cmake-build-debug/CMakeFiles/CMakeTmp'
Building CXX object CMakeFiles/cmTC_367c6.dir/CheckMkdirArgs.cxx.o
/usr/bin/c++     -o CMakeFiles/cmTC_367c6.dir/CheckMkdirArgs.cxx.o -c /home/core/CLionProjects/module/cmake-build-debug/CMakeFiles/CMakeTmp/CheckMkdirArgs.cxx
/home/core/CLionProjects/module/cmake-build-debug/CMakeFiles/CMakeTmp/CheckMkdirArgs.cxx:3:9: fatal error: direct.h: No such file or directory
 #include<direct.h>
         ^~~~~~~~~~
compilation terminated.
CMakeFiles/cmTC_367c6.dir/build.make:65: recipe for target 'CMakeFiles/cmTC_367c6.dir/CheckMkdirArgs.cxx.o' failed
make[1]: *** [CMakeFiles/cmTC_367c6.dir/CheckMkdirArgs.cxx.o] Error 1
make[1]: Leaving directory '/home/core/CLionProjects/module/cmake-build-debug/CMakeFiles/CMakeTmp'
Makefile:121: recipe for target 'cmTC_367c6/fast' failed
make: *** [cmTC_367c6/fast] Error 2

Source:
/* */

#include<direct.h>
int main(){mkdir("");}

Determining if files  exist failed with the following output:
Change Dir: /home/core/CLionProjects/module/cmake-build-debug/CMakeFiles/CMakeTmp

Run Build Command(s):/usr/bin/make cmTC_377fd/fast 
/usr/bin/make -f CMakeFiles/cmTC_377fd.dir/build.make CMakeFiles/cmTC_377fd.dir/build
make[1]: Entering directory '/home/core/CLionProjects/module/cmake-build-debug/CMakeFiles/CMakeTmp'
Building CXX object CMakeFiles/cmTC_377fd.dir/CheckMkdirArgs.cxx.o
/usr/bin/c++     -o CMakeFiles/cmTC_377fd.dir/CheckMkdirArgs.cxx.o -c /home/core/CLionProjects/module/cmake-build-debug/CMakeFiles/CMakeTmp/CheckMkdirArgs.cxx
/home/core/CLionProjects/module/cmake-build-debug/CMakeFiles/CMakeTmp/CheckMkdirArgs.cxx:3:9: fatal error: direct.h: No such file or directory
 #include<direct.h>
         ^~~~~~~~~~
compilation terminated.
CMakeFiles/cmTC_377fd.dir/build.make:65: recipe for target 'CMakeFiles/cmTC_377fd.dir/CheckMkdirArgs.cxx.o' failed
make[1]: *** [CMakeFiles/cmTC_377fd.dir/CheckMkdirArgs.cxx.o] Error 1
make[1]: Leaving directory '/home/core/CLionProjects/module/cmake-build-debug/CMakeFiles/CMakeTmp'
Makefile:121: recipe for target 'cmTC_377fd/fast' failed
make: *** [cmTC_377fd/fast] Error 2

Source:
/* */

#include<direct.h>
int main(){mkdir("");}

